{"reqId":"7b60429a2f3cdda9a503290c389b0581","remoteAddr":"::1","app":"PHP","message":"touch(): Unable to create file C:\/xampp\/htdocs\/owncloud\/data\/owncloud.log because No such file or directory at C:\\xampp\\htdocs\\owncloud\\lib\\private\\log\\owncloud.php#48","level":3,"time":"2015-02-26T16:30:38+00:00"}
{"reqId":"f994f3bbc7953ac6c509fab3e430978c","remoteAddr":"::1","app":"core","message":"Unable to parse OCS content for app 166038","level":4,"time":"2015-02-26T16:31:21+00:00"}
{"reqId":"f994f3bbc7953ac6c509fab3e430978c","remoteAddr":"::1","app":"core","message":"Unable to parse OCS content for app 166049","level":4,"time":"2015-02-26T16:31:21+00:00"}
{"reqId":"f994f3bbc7953ac6c509fab3e430978c","remoteAddr":"::1","app":"core","message":"Unable to parse OCS content for app 166050","level":4,"time":"2015-02-26T16:31:21+00:00"}
{"reqId":"f994f3bbc7953ac6c509fab3e430978c","remoteAddr":"::1","app":"core","message":"Unable to parse OCS content for app 166051","level":4,"time":"2015-02-26T16:31:22+00:00"}
{"reqId":"f994f3bbc7953ac6c509fab3e430978c","remoteAddr":"::1","app":"core","message":"Unable to parse OCS content for app 166052","level":4,"time":"2015-02-26T16:31:22+00:00"}
{"reqId":"f994f3bbc7953ac6c509fab3e430978c","remoteAddr":"::1","app":"core","message":"Unable to parse OCS content for app 166053","level":4,"time":"2015-02-26T16:31:22+00:00"}
{"reqId":"f994f3bbc7953ac6c509fab3e430978c","remoteAddr":"::1","app":"core","message":"Unable to parse OCS content for app 166054","level":4,"time":"2015-02-26T16:31:22+00:00"}
{"reqId":"f994f3bbc7953ac6c509fab3e430978c","remoteAddr":"::1","app":"core","message":"Unable to parse OCS content for app 166055","level":4,"time":"2015-02-26T16:31:23+00:00"}
{"reqId":"f994f3bbc7953ac6c509fab3e430978c","remoteAddr":"::1","app":"core","message":"Unable to parse OCS content for app 166056","level":4,"time":"2015-02-26T16:31:23+00:00"}
{"reqId":"f994f3bbc7953ac6c509fab3e430978c","remoteAddr":"::1","app":"core","message":"Unable to parse OCS content for app 166059","level":4,"time":"2015-02-26T16:31:23+00:00"}
{"reqId":"c887539fd8806478e90c206275506041","remoteAddr":"::1","app":"core","message":"Unable to parse OCS content for app 166038","level":4,"time":"2015-02-26T16:31:33+00:00"}
{"reqId":"c887539fd8806478e90c206275506041","remoteAddr":"::1","app":"core","message":"Unable to parse OCS content for app 166049","level":4,"time":"2015-02-26T16:31:34+00:00"}
{"reqId":"c887539fd8806478e90c206275506041","remoteAddr":"::1","app":"core","message":"Unable to parse OCS content for app 166050","level":4,"time":"2015-02-26T16:31:34+00:00"}
{"reqId":"c887539fd8806478e90c206275506041","remoteAddr":"::1","app":"core","message":"Unable to parse OCS content for app 166051","level":4,"time":"2015-02-26T16:31:34+00:00"}
{"reqId":"c887539fd8806478e90c206275506041","remoteAddr":"::1","app":"core","message":"Unable to parse OCS content for app 166052","level":4,"time":"2015-02-26T16:31:34+00:00"}
{"reqId":"c887539fd8806478e90c206275506041","remoteAddr":"::1","app":"core","message":"Unable to parse OCS content for app 166053","level":4,"time":"2015-02-26T16:31:35+00:00"}
{"reqId":"c887539fd8806478e90c206275506041","remoteAddr":"::1","app":"core","message":"Unable to parse OCS content for app 166054","level":4,"time":"2015-02-26T16:31:35+00:00"}
{"reqId":"c887539fd8806478e90c206275506041","remoteAddr":"::1","app":"core","message":"Unable to parse OCS content for app 166055","level":4,"time":"2015-02-26T16:31:35+00:00"}
{"reqId":"670075885d17b885d0ed099a1876ad5e","remoteAddr":"::1","app":"core","message":"Unable to parse OCS content for app 166038","level":4,"time":"2015-02-26T16:31:35+00:00"}
{"reqId":"c887539fd8806478e90c206275506041","remoteAddr":"::1","app":"core","message":"Unable to parse OCS content for app 166056","level":4,"time":"2015-02-26T16:31:35+00:00"}
{"reqId":"670075885d17b885d0ed099a1876ad5e","remoteAddr":"::1","app":"core","message":"Unable to parse OCS content for app 166049","level":4,"time":"2015-02-26T16:31:36+00:00"}
{"reqId":"c887539fd8806478e90c206275506041","remoteAddr":"::1","app":"core","message":"Unable to parse OCS content for app 166059","level":4,"time":"2015-02-26T16:31:36+00:00"}
{"reqId":"670075885d17b885d0ed099a1876ad5e","remoteAddr":"::1","app":"core","message":"Unable to parse OCS content for app 166050","level":4,"time":"2015-02-26T16:31:36+00:00"}
{"reqId":"670075885d17b885d0ed099a1876ad5e","remoteAddr":"::1","app":"core","message":"Unable to parse OCS content for app 166051","level":4,"time":"2015-02-26T16:31:36+00:00"}
{"reqId":"670075885d17b885d0ed099a1876ad5e","remoteAddr":"::1","app":"core","message":"Unable to parse OCS content for app 166052","level":4,"time":"2015-02-26T16:31:36+00:00"}
{"reqId":"670075885d17b885d0ed099a1876ad5e","remoteAddr":"::1","app":"core","message":"Unable to parse OCS content for app 166053","level":4,"time":"2015-02-26T16:31:37+00:00"}
{"reqId":"670075885d17b885d0ed099a1876ad5e","remoteAddr":"::1","app":"core","message":"Unable to parse OCS content for app 166054","level":4,"time":"2015-02-26T16:31:37+00:00"}
{"reqId":"670075885d17b885d0ed099a1876ad5e","remoteAddr":"::1","app":"core","message":"Unable to parse OCS content for app 166055","level":4,"time":"2015-02-26T16:31:37+00:00"}
{"reqId":"670075885d17b885d0ed099a1876ad5e","remoteAddr":"::1","app":"core","message":"Unable to parse OCS content for app 166056","level":4,"time":"2015-02-26T16:31:37+00:00"}
{"reqId":"670075885d17b885d0ed099a1876ad5e","remoteAddr":"::1","app":"core","message":"Unable to parse OCS content for app 166059","level":4,"time":"2015-02-26T16:31:38+00:00"}
{"reqId":"31255d4db680f1628f61b452ad633c5d","remoteAddr":"::1","app":"core","message":"Unable to parse OCS content for app 166038","level":4,"time":"2015-02-26T16:32:50+00:00"}
{"reqId":"31255d4db680f1628f61b452ad633c5d","remoteAddr":"::1","app":"core","message":"Unable to parse OCS content for app 166049","level":4,"time":"2015-02-26T16:32:51+00:00"}
{"reqId":"31255d4db680f1628f61b452ad633c5d","remoteAddr":"::1","app":"core","message":"Unable to parse OCS content for app 166050","level":4,"time":"2015-02-26T16:32:52+00:00"}
{"reqId":"31255d4db680f1628f61b452ad633c5d","remoteAddr":"::1","app":"core","message":"Unable to parse OCS content for app 166051","level":4,"time":"2015-02-26T16:32:53+00:00"}
{"reqId":"31255d4db680f1628f61b452ad633c5d","remoteAddr":"::1","app":"core","message":"Unable to parse OCS content for app 166052","level":4,"time":"2015-02-26T16:32:55+00:00"}
{"reqId":"31255d4db680f1628f61b452ad633c5d","remoteAddr":"::1","app":"core","message":"Unable to parse OCS content for app 166053","level":4,"time":"2015-02-26T16:32:56+00:00"}
{"reqId":"31255d4db680f1628f61b452ad633c5d","remoteAddr":"::1","app":"core","message":"Unable to parse OCS content for app 166054","level":4,"time":"2015-02-26T16:32:57+00:00"}
{"reqId":"31255d4db680f1628f61b452ad633c5d","remoteAddr":"::1","app":"core","message":"Unable to parse OCS content for app 166055","level":4,"time":"2015-02-26T16:32:58+00:00"}
{"reqId":"31255d4db680f1628f61b452ad633c5d","remoteAddr":"::1","app":"core","message":"Unable to parse OCS content for app 166056","level":4,"time":"2015-02-26T16:33:00+00:00"}
{"reqId":"31255d4db680f1628f61b452ad633c5d","remoteAddr":"::1","app":"core","message":"Unable to parse OCS content for app 166059","level":4,"time":"2015-02-26T16:33:01+00:00"}
{"reqId":"6cafbace35a3d2b88e874bb13c7e0306","remoteAddr":"::1","app":"core","message":"Unable to parse OCS content for app 166038","level":4,"time":"2015-02-26T16:33:19+00:00"}
{"reqId":"6cafbace35a3d2b88e874bb13c7e0306","remoteAddr":"::1","app":"core","message":"Unable to parse OCS content for app 166049","level":4,"time":"2015-02-26T16:33:20+00:00"}
{"reqId":"6cafbace35a3d2b88e874bb13c7e0306","remoteAddr":"::1","app":"core","message":"Unable to parse OCS content for app 166050","level":4,"time":"2015-02-26T16:33:21+00:00"}
{"reqId":"6cafbace35a3d2b88e874bb13c7e0306","remoteAddr":"::1","app":"core","message":"Unable to parse OCS content for app 166051","level":4,"time":"2015-02-26T16:33:23+00:00"}
{"reqId":"6cafbace35a3d2b88e874bb13c7e0306","remoteAddr":"::1","app":"core","message":"Unable to parse OCS content for app 166052","level":4,"time":"2015-02-26T16:33:24+00:00"}
{"reqId":"6cafbace35a3d2b88e874bb13c7e0306","remoteAddr":"::1","app":"core","message":"Unable to parse OCS content for app 166053","level":4,"time":"2015-02-26T16:33:26+00:00"}
{"reqId":"6cafbace35a3d2b88e874bb13c7e0306","remoteAddr":"::1","app":"core","message":"Unable to parse OCS content for app 166054","level":4,"time":"2015-02-26T16:33:27+00:00"}
{"reqId":"6cafbace35a3d2b88e874bb13c7e0306","remoteAddr":"::1","app":"core","message":"Unable to parse OCS content for app 166055","level":4,"time":"2015-02-26T16:33:28+00:00"}
{"reqId":"6cafbace35a3d2b88e874bb13c7e0306","remoteAddr":"::1","app":"core","message":"Unable to parse OCS content for app 166056","level":4,"time":"2015-02-26T16:33:30+00:00"}
{"reqId":"6cafbace35a3d2b88e874bb13c7e0306","remoteAddr":"::1","app":"core","message":"Unable to parse OCS content for app 166059","level":4,"time":"2015-02-26T16:33:31+00:00"}
{"reqId":"16490768b04e3bad2fd9fd73b469e518","remoteAddr":"::1","app":"core","message":"Unable to parse OCS content for app news","level":4,"time":"2015-02-26T16:33:39+00:00"}
{"reqId":"3e4c95f40ed2f3be9fb511fd34a07270","remoteAddr":"::1","app":"core","message":"Unable to parse OCS content for app files_external","level":4,"time":"2015-02-26T16:33:51+00:00"}
{"reqId":"05dc3644264c89c6175bf05e9e7351ce","remoteAddr":"::1","app":"core","message":"Unable to parse OCS content for app external","level":4,"time":"2015-02-26T16:33:53+00:00"}
