[    INFO][                  config.py:36]:Loading config...
[   DEBUG][                 config.py:194]:Property Change:       Selection        Show Previous Selection = True
[   DEBUG][                 config.py:194]:Property Change:       Selection                          Color = white
[   DEBUG][                 config.py:194]:Property Change:           Clone                       Copy Air = True
[   DEBUG][                 config.py:194]:Property Change:           Clone                     Copy Water = True
[   DEBUG][                 config.py:194]:Property Change:           Clone                    Copy Biomes = False
[   DEBUG][                 config.py:194]:Property Change:           Clone             Change Coordinates = False
[   DEBUG][                 config.py:194]:Property Change:           Clone            Change Spawners Pos = False
[   DEBUG][                 config.py:194]:Property Change:           Clone               Regenerate UUIDs = True
[   DEBUG][                 config.py:194]:Property Change:           Clone              Place Immediately = True
[   DEBUG][                 config.py:194]:Property Change:        Commands                        Sorting = chain
[   DEBUG][                 config.py:194]:Property Change:        Commands                          Space = True
[   DEBUG][                 config.py:194]:Property Change:        Commands                    File Format = txt
[   DEBUG][                 config.py:194]:Property Change: Fast Nudge Settings                   Blocks Width = False
[   DEBUG][                 config.py:194]:Property Change: Fast Nudge Settings            Blocks Width Number = 16
[   DEBUG][                 config.py:194]:Property Change: Fast Nudge Settings                Selection Width = False
[   DEBUG][                 config.py:194]:Property Change: Fast Nudge Settings         Selection Width Number = 16
[   DEBUG][                 config.py:194]:Property Change: Fast Nudge Settings                   Points Width = False
[   DEBUG][                 config.py:194]:Property Change: Fast Nudge Settings            Points Width Number = 16
[   DEBUG][                 config.py:194]:Property Change: Fast Nudge Settings                    clone Width = True
[   DEBUG][                 config.py:194]:Property Change: Fast Nudge Settings             Clone Width Number = 16
[   DEBUG][                 config.py:194]:Property Change: Fast Nudge Settings                   Import Width = False
[   DEBUG][                 config.py:194]:Property Change: Fast Nudge Settings            Import Width Number = 8
[   DEBUG][                 config.py:194]:Property Change:            Keys                        forward = W
[   DEBUG][                 config.py:194]:Property Change:            Keys                           back = S
[   DEBUG][                 config.py:194]:Property Change:            Keys                           left = A
[   DEBUG][                 config.py:194]:Property Change:            Keys                          right = D
[   DEBUG][                 config.py:194]:Property Change:            Keys                             up = Space
[   DEBUG][                 config.py:194]:Property Change:            Keys                           down = Shift
[   DEBUG][                 config.py:194]:Property Change:            Keys                          brake = C
[   DEBUG][                 config.py:194]:Property Change:            Keys                         sprint = None
[   DEBUG][                 config.py:194]:Property Change:            Keys                 rotate (clone) = E
[   DEBUG][                 config.py:194]:Property Change:            Keys                   roll (clone) = R
[   DEBUG][                 config.py:194]:Property Change:            Keys                           flip = F
[   DEBUG][                 config.py:194]:Property Change:            Keys                         mirror = G
[   DEBUG][                 config.py:194]:Property Change:            Keys                 rotate (brush) = E
[   DEBUG][                 config.py:194]:Property Change:            Keys                   roll (brush) = G
[   DEBUG][                 config.py:194]:Property Change:            Keys                 increase brush = R
[   DEBUG][                 config.py:194]:Property Change:            Keys                 decrease brush = F
[   DEBUG][                 config.py:194]:Property Change:            Keys               replace shortcut = R
[   DEBUG][                 config.py:194]:Property Change:            Keys                           swap = X
[   DEBUG][                 config.py:194]:Property Change:            Keys                       pan left = J
[   DEBUG][                 config.py:194]:Property Change:            Keys                      pan right = L
[   DEBUG][                 config.py:194]:Property Change:            Keys                         pan up = I
[   DEBUG][                 config.py:194]:Property Change:            Keys                       pan down = K
[   DEBUG][                 config.py:194]:Property Change:            Keys                    toggle view = Tab
[   DEBUG][                 config.py:194]:Property Change:            Keys                    reset reach = Button 3
[   DEBUG][                 config.py:194]:Property Change:            Keys                 increase reach = Scroll Up
[   DEBUG][                 config.py:194]:Property Change:            Keys                 decrease reach = Scroll Down
[   DEBUG][                 config.py:194]:Property Change:            Keys           confirm construction = Return
[   DEBUG][                 config.py:194]:Property Change:            Keys                     open level = O
[   DEBUG][                 config.py:194]:Property Change:            Keys                      new level = N
[   DEBUG][                 config.py:194]:Property Change:            Keys                  delete blocks = Del
[   DEBUG][                 config.py:194]:Property Change:            Keys                      line tool = Z
[   DEBUG][                 config.py:194]:Property Change:            Keys             long-distance mode = Alt-Z
[   DEBUG][                 config.py:194]:Property Change:            Keys                       fly mode = None
[   DEBUG][                 config.py:194]:Property Change:            Keys                  debug overlay = 0
[   DEBUG][                 config.py:194]:Property Change:            Keys                show block info = Alt
[   DEBUG][                 config.py:194]:Property Change:            Keys                     pick block = Alt
[   DEBUG][                 config.py:194]:Property Change:            Keys                  select chunks = Z
[   DEBUG][                 config.py:194]:Property Change:            Keys                deselect chunks = Alt
[   DEBUG][                 config.py:194]:Property Change:            Keys                brush line tool = Z
[   DEBUG][                 config.py:194]:Property Change:            Keys             snap clone to axis = Ctrl
[   DEBUG][                 config.py:194]:Property Change:            Keys           blocks-only modifier = Alt
[   DEBUG][                 config.py:194]:Property Change:            Keys        fast increment modifier = Ctrl
[   DEBUG][                 config.py:194]:Property Change:            Keys                     fast nudge = None
[   DEBUG][                 config.py:194]:Property Change:            Keys              take a screenshot = F6
[   DEBUG][                 config.py:194]:Property Change:            Keys                           quit = Ctrl-Q
[   DEBUG][                 config.py:194]:Property Change:            Keys                  view distance = Ctrl-F
[   DEBUG][                 config.py:194]:Property Change:            Keys                     select all = Ctrl-A
[   DEBUG][                 config.py:194]:Property Change:            Keys                       deselect = Ctrl-D
[   DEBUG][                 config.py:194]:Property Change:            Keys                            cut = Ctrl-X
[   DEBUG][                 config.py:194]:Property Change:            Keys                           copy = Ctrl-C
[   DEBUG][                 config.py:194]:Property Change:            Keys                          paste = Ctrl-V
[   DEBUG][                 config.py:194]:Property Change:            Keys                   reload world = Ctrl-R
[   DEBUG][                 config.py:194]:Property Change:            Keys                           open = Ctrl-O
[   DEBUG][                 config.py:194]:Property Change:            Keys                     quick load = Ctrl-L
[   DEBUG][                 config.py:194]:Property Change:            Keys                           undo = Ctrl-Z
[   DEBUG][                 config.py:194]:Property Change:            Keys                           redo = Ctrl-Y
[   DEBUG][                 config.py:194]:Property Change:            Keys                           save = Ctrl-S
[   DEBUG][                 config.py:194]:Property Change:            Keys                        save as = Ctrl-Alt-S
[   DEBUG][                 config.py:194]:Property Change:            Keys                      new world = Ctrl-N
[   DEBUG][                 config.py:194]:Property Change:            Keys                    close world = Ctrl-W
[   DEBUG][                 config.py:194]:Property Change:            Keys                     world info = Ctrl-I
[   DEBUG][                 config.py:194]:Property Change:            Keys                     goto panel = Ctrl-G
[   DEBUG][                 config.py:194]:Property Change:            Keys               export selection = Ctrl-E
[   DEBUG][                 config.py:194]:Property Change:            Keys                toggle renderer = Ctrl-M
[   DEBUG][                 config.py:194]:Property Change:            Keys                   upload world = Ctrl-U
[   DEBUG][                 config.py:194]:Property Change:            Keys                         select = 1
[   DEBUG][                 config.py:194]:Property Change:            Keys                          brush = 2
[   DEBUG][                 config.py:194]:Property Change:            Keys                          clone = 3
[   DEBUG][                 config.py:194]:Property Change:            Keys               fill and replace = 4
[   DEBUG][                 config.py:194]:Property Change:            Keys                         filter = 5
[   DEBUG][                 config.py:194]:Property Change:            Keys                         import = 6
[   DEBUG][                 config.py:194]:Property Change:            Keys                        players = 7
[   DEBUG][                 config.py:194]:Property Change:            Keys               world spawnpoint = 8
[   DEBUG][                 config.py:194]:Property Change:            Keys                  chunk control = 9
[   DEBUG][                 config.py:194]:Property Change:            Keys                   nbt explorer = None
[   DEBUG][                 config.py:194]:Property Change:        Controls                    mouse speed = 5.0
[   DEBUG][                 config.py:194]:Property Change:        Controls            camera acceleration = 125.0
[   DEBUG][                 config.py:194]:Property Change:        Controls                    camera drag = 100.0
[   DEBUG][                 config.py:194]:Property Change:        Controls           camera maximum speed = 60.0
[   DEBUG][                 config.py:194]:Property Change:        Controls           camera braking speed = 8.0
[   DEBUG][                 config.py:194]:Property Change:        Controls             invert mouse pitch = False
[   DEBUG][                 config.py:194]:Property Change:        Controls                      autobrake = True
[   DEBUG][                 config.py:194]:Property Change:        Controls         swap axes looking down = False
[   DEBUG][                 config.py:194]:Property Change:            Fill       Choose Block Immediately = True
[   DEBUG][                 config.py:194]:Property Change:            Fill Choose Block Immediately for Replace = True
[   DEBUG][                 config.py:194]:Property Change:           Brush                  Brush Shape L = 3
[   DEBUG][                 config.py:194]:Property Change:           Brush                  Brush Shape H = 3
[   DEBUG][                 config.py:194]:Property Change:           Brush                  Brush Shape W = 3
[   DEBUG][                 config.py:194]:Property Change:           Brush            Update Brush Offset = False
[   DEBUG][                 config.py:194]:Property Change:           Brush       Choose Block Immediately = False
[   DEBUG][                 config.py:194]:Property Change:           Brush                          Alpha = 0.66
[   DEBUG][                 config.py:194]:Property Change:           Spawn               Spawn Protection = True
[   DEBUG][                 config.py:194]:Property Change:         Version                        version = 1.1.2.0
[   DEBUG][                 config.py:194]:Property Change:         Session                       Override = False
[   DEBUG][                 config.py:194]:Property Change:        Settings                       Fly Mode = False
[   DEBUG][                 config.py:194]:Property Change:        Settings               Enable Mouse Lag = False
[   DEBUG][                 config.py:194]:Property Change:        Settings             Long Distance Mode = False
[   DEBUG][                 config.py:194]:Property Change:        Settings              Window Size Alert = True
[   DEBUG][                 config.py:194]:Property Change:        Settings        Close Minecraft Warning = True
[   DEBUG][                 config.py:194]:Property Change:        Settings                    MCEdit Skin = [Current]
[   DEBUG][                 config.py:194]:Property Change:        Settings                  Field of View = 70.0
[   DEBUG][                 config.py:194]:Property Change:        Settings                   Space Height = 64
[   DEBUG][                 config.py:194]:Property Change:        Settings                   Block Buffer = 268435456
[   DEBUG][                 config.py:194]:Property Change:        Settings             report crashes new = False
[   DEBUG][                 config.py:194]:Property Change:        Settings           report crashes asked = False
[   DEBUG][                 config.py:194]:Property Change:        Settings    Static Coords While Nudging = False
[   DEBUG][                 config.py:194]:Property Change:        Settings  Change Spawners While Nudging = False
[   DEBUG][                 config.py:194]:Property Change:        Settings            rotateBlockBrushRow = True
[   DEBUG][                 config.py:194]:Property Change:        Settings                Language String = en_US
[   DEBUG][                 config.py:194]:Property Change:        Settings                  View Distance = 8
[   DEBUG][                 config.py:194]:Property Change:        Settings                     Target FPS = 30
[   DEBUG][                 config.py:194]:Property Change:        Settings                   window width = 1152
[   DEBUG][                 config.py:194]:Property Change:        Settings                  window height = 864
[   DEBUG][                 config.py:194]:Property Change:        Settings                       window x = 0
[   DEBUG][                 config.py:194]:Property Change:        Settings                       window y = 0
[   DEBUG][                 config.py:194]:Property Change:        Settings                 window showcmd = 1
[   DEBUG][                 config.py:194]:Property Change:        Settings             SetWindowPlacement = True
[   DEBUG][                 config.py:194]:Property Change:        Settings               show hidden ores = False
[   DEBUG][                 config.py:194]:Property Change:        Settings                  hiddable ores = [7, 16, 15, 21, 73, 14, 56, 153]
[   DEBUG][                 config.py:194]:Property Change:        Settings                     show ore 7 = True
[   DEBUG][                 config.py:194]:Property Change:        Settings                    show ore 16 = True
[   DEBUG][                 config.py:194]:Property Change:        Settings                    show ore 15 = True
[   DEBUG][                 config.py:194]:Property Change:        Settings                    show ore 21 = True
[   DEBUG][                 config.py:194]:Property Change:        Settings                    show ore 73 = True
[   DEBUG][                 config.py:194]:Property Change:        Settings                    show ore 14 = True
[   DEBUG][                 config.py:194]:Property Change:        Settings                    show ore 56 = True
[   DEBUG][                 config.py:194]:Property Change:        Settings                   show ore 153 = True
[   DEBUG][                 config.py:194]:Property Change:        Settings                    fast leaves = True
[   DEBUG][                 config.py:194]:Property Change:        Settings                 rough graphics = False
[   DEBUG][                 config.py:194]:Property Change:        Settings              show chunk redraw = True
[   DEBUG][                 config.py:194]:Property Change:        Settings                       draw sky = True
[   DEBUG][                 config.py:194]:Property Change:        Settings                       draw fog = True
[   DEBUG][                 config.py:194]:Property Change:        Settings                   show ceiling = True
[   DEBUG][                 config.py:194]:Property Change:        Settings                  draw entities = True
[   DEBUG][                 config.py:194]:Property Change:        Settings                  draw monsters = True
[   DEBUG][                 config.py:194]:Property Change:        Settings                     draw items = True
[   DEBUG][                 config.py:194]:Property Change:        Settings             draw tile entities = True
[   DEBUG][                 config.py:194]:Property Change:        Settings                draw tile ticks = False
[   DEBUG][                 config.py:194]:Property Change:        Settings        draw unpopulated chunks = True
[   DEBUG][                 config.py:194]:Property Change:        Settings             draw chunk borders = False
[   DEBUG][                 config.py:194]:Property Change:        Settings            vertex buffer limit = 384
[   DEBUG][                 config.py:194]:Property Change:        Settings                  vertical sync = 0
[   DEBUG][                 config.py:194]:Property Change:        Settings                      View Mode = Camera
[   DEBUG][                 config.py:194]:Property Change:        Settings                     Undo Limit = 20
[   DEBUG][                 config.py:194]:Property Change:        Settings                  Recent Worlds = ['']
[   DEBUG][                 config.py:194]:Property Change:        Settings                  Resource Pack = Default
[   DEBUG][                 config.py:194]:Property Change:        Settings                Copy stack size = 32
[   DEBUG][                 config.py:194]:Property Change:        Settings          Super Secret Settings = False
[   DEBUG][                 config.py:194]:Property Change:        Settings                 Compass Toggle = True
[   DEBUG][                 config.py:194]:Property Change:        Settings                   Compass Size = 60
[   DEBUG][                 config.py:194]:Property Change:        Settings                  Fog Intensity = 20
[   DEBUG][                 config.py:194]:Property Change:        Settings               Fonts Proportion = 100
[   DEBUG][                 config.py:194]:Property Change:        Settings          Download Player Skins = True
[   DEBUG][                 config.py:194]:Property Change:        Settings              Max View Distance = 32
[   DEBUG][                 config.py:194]:Property Change:        Settings              Draw Player Heads = True
[   DEBUG][                 config.py:194]:Property Change:        Settings    Show Commands when hovering = True
[   DEBUG][                 config.py:194]:Property Change:        Settings  Save camera position on close = False
[   DEBUG][                 config.py:194]:Property Change: NBT Tree Settings              Use Bullet Styles = True
[   DEBUG][                 config.py:194]:Property Change: NBT Tree Settings                Use Bullet Text = False
[   DEBUG][                 config.py:194]:Property Change: NBT Tree Settings              Use Bullet Images = True
[   DEBUG][                 config.py:194]:Property Change: NBT Tree Settings             Bullet Images File = C:\xampp\htdocs\MCEDIT\Nbtsheet.png
[   DEBUG][                 config.py:194]:Property Change: NBT Tree Settings  Show all the tags in the tree = False
[   DEBUG][                 config.py:194]:Property Change: Selection Colors                          white = (1.0, 1.0, 1.0)
[   DEBUG][                 config.py:194]:Property Change: Selection Colors                           blue = (0.75, 0.75, 1.0)
[   DEBUG][                 config.py:194]:Property Change: Selection Colors                          green = (0.75, 1.0, 0.75)
[   DEBUG][                 config.py:194]:Property Change: Selection Colors                            red = (1.0, 0.75, 0.75)
[   DEBUG][                 config.py:194]:Property Change: Selection Colors                           teal = (0.75, 1.0, 1.0)
[   DEBUG][                 config.py:194]:Property Change: Selection Colors                           pink = (1.0, 0.75, 1.0)
[   DEBUG][                 config.py:194]:Property Change: Selection Colors                         yellow = (1.0, 1.0, 0.75)
[   DEBUG][                 config.py:194]:Property Change: Selection Colors                           grey = (0.6, 0.6, 0.6)
[   DEBUG][                 config.py:194]:Property Change: Selection Colors                          black = (0.0, 0.0, 0.0)
[    INFO][OpenGL.acceleratesupport.py:17]:No OpenGL_accelerate module loaded: No module named OpenGL_accelerate
[    INFO][    pymclevel.materials.py:199]:Loading block info from <_io.BytesIO object at 0x06259990>
[   DEBUG][    pymclevel.materials.py:201]:Trying YAML CLoader
[   DEBUG][    pymclevel.materials.py:204]:CLoader not preset, falling back to Python YAML
[    INFO][    pymclevel.materials.py:199]:Loading block info from <_io.BytesIO object at 0x06259990>
[   DEBUG][    pymclevel.materials.py:201]:Trying YAML CLoader
[   DEBUG][    pymclevel.materials.py:204]:CLoader not preset, falling back to Python YAML
[    INFO][    pymclevel.materials.py:199]:Loading block info from <_io.BytesIO object at 0x06259990>
[   DEBUG][    pymclevel.materials.py:201]:Trying YAML CLoader
[   DEBUG][    pymclevel.materials.py:204]:CLoader not preset, falling back to Python YAML
[    INFO][    pymclevel.materials.py:199]:Loading block info from <_io.BytesIO object at 0x06259990>
[   DEBUG][    pymclevel.materials.py:201]:Trying YAML CLoader
[   DEBUG][    pymclevel.materials.py:204]:CLoader not preset, falling back to Python YAML
[    INFO][     OpenGL.GLUT.special.py:36]:Using NT-specific GLUT calls with exit callbacks
[   DEBUG][                 config.py:194]:Property Change:        Settings                  Resource Pack = Default Resource Pack
[   DEBUG][      pymclevel.BOParser.py:19]:BO3 block definitions loaded. 199 entries found
[   DEBUG][         albow.translate.py:66]:*** Platform information
[   DEBUG][         albow.translate.py:67]:    System: Windows
[   DEBUG][         albow.translate.py:68]:    Release: 7
[   DEBUG][         albow.translate.py:69]:    Version: 6.1.7601
[   DEBUG][         albow.translate.py:70]:    Architecture: 32bit, WindowsPE
[   DEBUG][         albow.translate.py:71]:    Dist: , , 
[   DEBUG][         albow.translate.py:72]:    Machine: x86
[   DEBUG][         albow.translate.py:73]:    Processor: x86 Family 6 Model 60 Stepping 3, GenuineIntel
[   DEBUG][         albow.translate.py:74]:    Locale: en_US
[   DEBUG][         albow.translate.py:75]:    Encoding: cp1252
[   DEBUG][         albow.translate.py:76]:    FS encoding: mbcs
[   DEBUG][         albow.translate.py:96]:    numpy version: 1.10.2
[   DEBUG][         albow.translate.py:96]:    pygame version: 1.9.2a0
[   DEBUG][         albow.translate.py:96]:    OpenGL version: 3.1.0
[   DEBUG][         albow.translate.py:97]:***
[   DEBUG][                 config.py:194]:Property Change:        Settings             SetWindowPlacement = False
[   DEBUG][                 config.py:194]:Property Change:        Settings             SetWindowPlacement = True
[   DEBUG][                   root.py:247]:Detected languages: {u'\u010ce\u0161tina (Czech Republic)': u'cs_CZ', u'Korean (Korea)': u'ko_KR', u'Fran\xe7ais (France)': u'fr_FR', u'Traditional Chinese (Taiwan)': u'zh_TW', u'English (US)': 'en_US', u'Simplified Chinese (China)': u'zh_CN', u'Deutsch (Deutschland)': u'de_DE', u'Svenska (Sverige)': u'sv_SE', u'Nederlands (Nederland)': u'nl_NL'}
[   DEBUG][        albow.translate.py:345]:buildTranslation <<<
[   DEBUG][        albow.translate.py:354]:fName: C:\xampp\htdocs\MCEDIT\lang\en_US.trn
[   DEBUG][        albow.translate.py:440]:fName is not valid beacause:
[   DEBUG][        albow.translate.py:442]:  * Can't access file.
[   DEBUG][        albow.translate.py:444]:  * It's not a file.
[   DEBUG][        albow.translate.py:446]:  * Is not readable.
[   DEBUG][        albow.translate.py:447]:Default strings will be used.
[   DEBUG][        albow.translate.py:451]:buildTranslation >>>
[   DEBUG][         albow.resource.py:172]:Font C:\xampp\htdocs\MCEDIT\fonts\DejaVuSans-Regular.ttf loaded.
[   DEBUG][         albow.resource.py:173]:    Original size: 15. Proportion: 100. Final size: 15.
[   DEBUG][                   root.py:247]:Detected languages: {u'\u010ce\u0161tina (Czech Republic)': u'cs_CZ', u'Korean (Korea)': u'ko_KR', u'Fran\xe7ais (France)': u'fr_FR', u'Traditional Chinese (Taiwan)': u'zh_TW', u'English (US)': 'en_US', u'Simplified Chinese (China)': u'zh_CN', u'Deutsch (Deutschland)': u'de_DE', u'Svenska (Sverige)': u'sv_SE', u'Nederlands (Nederland)': u'nl_NL'}
[   DEBUG][         albow.resource.py:172]:Font C:\xampp\htdocs\MCEDIT\fonts\DejaVuSans-Bold.ttf loaded.
[   DEBUG][         albow.resource.py:173]:    Original size: 17. Proportion: 100. Final size: 17.
[   DEBUG][               mclangres.py:56]:Building Minecraft language resources...
[   DEBUG][               mclangres.py:89]:Using C:\Users\9082117\AppData\Roaming\.minecraft\assets\indexes\1.9.json
[   DEBUG][              mclangres.py:100]:Found 3d7f778ea0a3baaf826ae75a094d77c46410902f
[   DEBUG][              mclangres.py:110]:... Loaded!
[   DEBUG][              mclangres.py:115]:Looking for en_US resources.
[   DEBUG][               mclangres.py:45]:Could not find en_US resource name.
[   DEBUG][              mclangres.py:127]:Found 3d7f778ea0a3baaf826ae75a094d77c46410902f...
[   DEBUG][              mclangres.py:138]:... Loaded!
[   DEBUG][                 config.py:210]:Subscribing <renderer.MCRenderer object at 0x07DD67B0>.fastLeaves
[   DEBUG][                 config.py:210]:Subscribing <renderer.MCRenderer object at 0x07DD67B0>.roughGraphics
[   DEBUG][                 config.py:210]:Subscribing <renderer.MCRenderer object at 0x07DD67B0>.showHiddenOres
[   DEBUG][                 config.py:210]:Subscribing <renderer.MCRenderer object at 0x07DD67B0>.vertexBufferLimit
[   DEBUG][                 config.py:210]:Subscribing <renderer.MCRenderer object at 0x07DD67B0>.drawEntities
[   DEBUG][                 config.py:210]:Subscribing <renderer.MCRenderer object at 0x07DD67B0>.drawTileEntities
[   DEBUG][                 config.py:210]:Subscribing <renderer.MCRenderer object at 0x07DD67B0>.drawTileTicks
[   DEBUG][                 config.py:210]:Subscribing <renderer.MCRenderer object at 0x07DD67B0>.drawTerrainPopulated
[   DEBUG][                 config.py:210]:Subscribing <renderer.MCRenderer object at 0x07DD67B0>.drawChunkBorder
[   DEBUG][                 config.py:210]:Subscribing <renderer.MCRenderer object at 0x07DD67B0>.drawMonsters
[   DEBUG][                 config.py:210]:Subscribing <renderer.MCRenderer object at 0x07DD67B0>.drawItems
[   DEBUG][                 config.py:210]:Subscribing <renderer.MCRenderer object at 0x07DD67B0>.showRedraw
[   DEBUG][                 config.py:210]:Subscribing <renderer.MCRenderer object at 0x07DD67B0>.spaceHeight
[   DEBUG][                 config.py:210]:Subscribing <renderer.MCRenderer object at 0x07DD67B0>.targetFPS
[   DEBUG][                 config.py:210]:Subscribing <renderer.MCRenderer object at 0x07DD67B0>.maxViewDistance
[   DEBUG][                 config.py:194]:Property Change:        Settings                  hiddable ores = [7, 16, 15, 21, 73, 14, 56, 153]
[   DEBUG][                 config.py:210]:Subscribing <renderer.MCRenderer object at 0x07DD67B0>.showOre7
[   DEBUG][                 config.py:210]:Subscribing <renderer.MCRenderer object at 0x07DD67B0>.showOre16
[   DEBUG][                 config.py:210]:Subscribing <renderer.MCRenderer object at 0x07DD67B0>.showOre15
[   DEBUG][                 config.py:210]:Subscribing <renderer.MCRenderer object at 0x07DD67B0>.showOre21
[   DEBUG][                 config.py:210]:Subscribing <renderer.MCRenderer object at 0x07DD67B0>.showOre73
[   DEBUG][                 config.py:210]:Subscribing <renderer.MCRenderer object at 0x07DD67B0>.showOre14
[   DEBUG][                 config.py:210]:Subscribing <renderer.MCRenderer object at 0x07DD67B0>.showOre56
[   DEBUG][                 config.py:210]:Subscribing <renderer.MCRenderer object at 0x07DD67B0>.showOre153
[   DEBUG][                 config.py:210]:Subscribing <viewports.camera.CameraViewport object at 0x07DD6E90>.drawSky
[   DEBUG][                 config.py:210]:Subscribing <viewports.camera.CameraViewport object at 0x07DD6E90>.drawFog
[   DEBUG][                 config.py:210]:Subscribing <viewports.camera.CameraViewport object at 0x07DD6E90>.superSecretSettings
[   DEBUG][                 config.py:210]:Subscribing <viewports.camera.CameraViewport object at 0x07DD6E90>.showCeiling
[   DEBUG][                 config.py:210]:Subscribing <viewports.camera.CameraViewport object at 0x07DD6E90>.accelFactor
[   DEBUG][                 config.py:210]:Subscribing <viewports.camera.CameraViewport object at 0x07DD6E90>.maxSpeed
[   DEBUG][                 config.py:210]:Subscribing <viewports.camera.CameraViewport object at 0x07DD6E90>.brakeMaxSpeed
[   DEBUG][                 config.py:210]:Subscribing <viewports.camera.CameraViewport object at 0x07DD6E90>.invertMousePitch
[   DEBUG][                 config.py:210]:Subscribing <viewports.camera.CameraViewport object at 0x07DD6E90>.autobrake
[   DEBUG][                 config.py:210]:Subscribing <viewports.camera.CameraViewport object at 0x07DD6E90>.swapAxes
[   DEBUG][                 config.py:210]:Subscribing <viewports.camera.CameraViewport object at 0x07DD6E90>.compassToggle
[   DEBUG][                 config.py:210]:Subscribing <viewports.camera.CameraViewport object at 0x07DD6E90>.fovSetting
[   DEBUG][                 config.py:210]:Subscribing <viewports.chunk.ChunkViewport object at 0x06CA3070>.drawSky
[   DEBUG][                 config.py:210]:Subscribing <viewports.chunk.ChunkViewport object at 0x06CA3070>.drawFog
[   DEBUG][                 config.py:210]:Subscribing <viewports.chunk.ChunkViewport object at 0x06CA3070>.superSecretSettings
[   DEBUG][                 config.py:210]:Subscribing <viewports.chunk.ChunkViewport object at 0x06CA3070>.showCeiling
[   DEBUG][                 config.py:210]:Subscribing <viewports.chunk.ChunkViewport object at 0x06CA3070>.accelFactor
[   DEBUG][                 config.py:210]:Subscribing <viewports.chunk.ChunkViewport object at 0x06CA3070>.maxSpeed
[   DEBUG][                 config.py:210]:Subscribing <viewports.chunk.ChunkViewport object at 0x06CA3070>.brakeMaxSpeed
[   DEBUG][                 config.py:210]:Subscribing <viewports.chunk.ChunkViewport object at 0x06CA3070>.invertMousePitch
[   DEBUG][                 config.py:210]:Subscribing <viewports.chunk.ChunkViewport object at 0x06CA3070>.autobrake
[   DEBUG][                 config.py:210]:Subscribing <viewports.chunk.ChunkViewport object at 0x06CA3070>.swapAxes
[   DEBUG][                 config.py:210]:Subscribing <viewports.chunk.ChunkViewport object at 0x06CA3070>.compassToggle
[   DEBUG][                 config.py:210]:Subscribing <viewports.chunk.ChunkViewport object at 0x06CA3070>.fovSetting
[   DEBUG][                 config.py:210]:Subscribing <leveleditor.LevelEditor object at 0x07DD6790>.viewMode
[   DEBUG][                 config.py:210]:Subscribing <leveleditor.LevelEditor object at 0x07DD6790>.undoLimit
[   DEBUG][                 config.py:194]:Property Change: Selection Colors                           blue = (0.75, 0.75, 1.0)
[   DEBUG][                 config.py:194]:Property Change: Selection Colors                           pink = (1.0, 0.75, 1.0)
[   DEBUG][                 config.py:194]:Property Change: Selection Colors                           grey = (0.6, 0.6, 0.6)
[   DEBUG][                 config.py:194]:Property Change: Selection Colors                         yellow = (1.0, 1.0, 0.75)
[   DEBUG][                 config.py:194]:Property Change: Selection Colors                          green = (0.75, 1.0, 0.75)
[   DEBUG][                 config.py:194]:Property Change: Selection Colors                           teal = (0.75, 1.0, 1.0)
[   DEBUG][                 config.py:194]:Property Change: Selection Colors                          black = (0.0, 0.0, 0.0)
[   DEBUG][                 config.py:194]:Property Change: Selection Colors                          white = (1.0, 1.0, 1.0)
[   DEBUG][                 config.py:194]:Property Change: Selection Colors                            red = (1.0, 0.75, 0.75)
[   DEBUG][                 config.py:194]:Property Change: Selection Colors                          white = (1.0, 1.0, 1.0)
[   DEBUG][         albow.resource.py:172]:Font C:\xampp\htdocs\MCEDIT\fonts\DejaVuSans-Bold.ttf loaded.
[   DEBUG][         albow.resource.py:173]:    Original size: 18. Proportion: 100. Final size: 18.
[   DEBUG][                 config.py:194]:Property Change:        Settings        Close Minecraft Warning = False
[   DEBUG][                 config.py:194]:Property Change:        Settings             report crashes new = False
[   DEBUG][                 config.py:194]:Property Change:        Settings           report crashes asked = True
[   DEBUG][                 config.py:194]:Property Change:         Version                        version = 1.1.2.0
[    INFO][      pymclevel.mclevel.py:199]:Identifying C:\Users\9082117\AppData\Roaming\.minecraft\saves\Saberfront\level.dat
[    INFO][      pymclevel.mclevel.py:216]:Detected Infdev level.dat
[    INFO][pymclevel.infiniteworld.py:1433]:Found dimension DIM-1
[    INFO][pymclevel.infiniteworld.py:1433]:Found dimension DIM1
[   DEBUG][                 config.py:210]:Subscribing <renderer.ChunkCalculator object at 0x07DD6C70>.fastLeaves
[   DEBUG][                 config.py:210]:Subscribing <renderer.ChunkCalculator object at 0x07DD6C70>.roughGraphics
[    INFO][pymclevel.infiniteworld.py:1452]:Scanning for regions...
[    INFO][    pymclevel.regionfile.py:93]:Found region file r.-1.-1.mca with 96/96 sectors used and 94 chunks present
[    INFO][    pymclevel.regionfile.py:93]:Found region file r.-1.-2.mca with 74/74 sectors used and 72 chunks present
[    INFO][    pymclevel.regionfile.py:93]:Found region file r.-1.-3.mca with 11/11 sectors used and 9 chunks present
[    INFO][    pymclevel.regionfile.py:93]:Found region file r.-1.0.mca with 8/8 sectors used and 6 chunks present
[    INFO][    pymclevel.regionfile.py:93]:Found region file r.-2.-1.mca with 60/60 sectors used and 58 chunks present
[    INFO][    pymclevel.regionfile.py:93]:Found region file r.-2.-2.mca with 962/962 sectors used and 960 chunks present
[    INFO][    pymclevel.regionfile.py:93]:Found region file r.-2.-3.mca with 256/256 sectors used and 254 chunks present
[    INFO][    pymclevel.regionfile.py:93]:Found region file r.-3.-2.mca with 53/53 sectors used and 51 chunks present
[    INFO][    pymclevel.regionfile.py:93]:Found region file r.0.-1.mca with 204/204 sectors used and 202 chunks present
[    INFO][    pymclevel.regionfile.py:93]:Found region file r.0.0.mca with 205/205 sectors used and 203 chunks present
[    INFO][    pymclevel.regionfile.py:93]:Found region file r.1.0.mca with 28/28 sectors used and 26 chunks present
[   DEBUG][                 config.py:194]:Property Change: Selection Colors                          black = (0.0, 0.0, 0.0)
[   DEBUG][                  root.py:1516]:Mouse left
[   DEBUG][                  root.py:1510]:Onscreen
[   DEBUG][                  root.py:1521]:Mouse entered
[   DEBUG][                  root.py:1529]:Mouse down 2 @ (356, 512)
[   DEBUG][                  root.py:1549]:Mouse up   2 @ (265, 501)
[   DEBUG][                  root.py:1529]:Mouse down 2 @ (348, 695)
[   DEBUG][                  root.py:1549]:Mouse up   2 @ (0, 611)
[   DEBUG][                  root.py:1516]:Mouse left
[   DEBUG][                  root.py:1521]:Mouse entered
[   DEBUG][                  root.py:1529]:Mouse down 2 @ (578, 526)
[   DEBUG][                  root.py:1549]:Mouse up   2 @ (790, 632)
[   DEBUG][                  root.py:1529]:Mouse down 2 @ (485, 447)
[   DEBUG][                  root.py:1549]:Mouse up   2 @ (413, 404)
[   DEBUG][                  root.py:1529]:Mouse down 2 @ (499, 457)
[   DEBUG][                  root.py:1549]:Mouse up   2 @ (218, 487)
[   DEBUG][                 config.py:194]:Property Change:        Settings                  hiddable ores = [7, 16, 15, 21, 73, 14, 56, 153]
[   DEBUG][               mclangres.py:56]:Building Minecraft language resources...
[   DEBUG][               mclangres.py:89]:Using C:\Users\9082117\AppData\Roaming\.minecraft\assets\indexes\1.9.json
[   DEBUG][              mclangres.py:100]:Found 3d7f778ea0a3baaf826ae75a094d77c46410902f
[   DEBUG][              mclangres.py:110]:... Loaded!
[   DEBUG][              mclangres.py:115]:Looking for en_US resources.
[   DEBUG][               mclangres.py:45]:Could not find en_US resource name.
[   DEBUG][              mclangres.py:127]:Found 3d7f778ea0a3baaf826ae75a094d77c46410902f...
[   DEBUG][              mclangres.py:138]:... Loaded!
[   DEBUG][         albow.resource.py:172]:Font C:\xampp\htdocs\MCEDIT\fonts\DejaVuSans-Regular.ttf loaded.
[   DEBUG][         albow.resource.py:173]:    Original size: 18. Proportion: 100. Final size: 18.
[   DEBUG][               mclangres.py:56]:Building Minecraft language resources...
[   DEBUG][               mclangres.py:89]:Using C:\Users\9082117\AppData\Roaming\.minecraft\assets\indexes\1.9.json
[   DEBUG][              mclangres.py:100]:Found 3d7f778ea0a3baaf826ae75a094d77c46410902f
[   DEBUG][              mclangres.py:110]:... Loaded!
[   DEBUG][              mclangres.py:115]:Looking for en_US resources.
[   DEBUG][               mclangres.py:45]:Could not find en_US resource name.
[   DEBUG][              mclangres.py:127]:Found 3d7f778ea0a3baaf826ae75a094d77c46410902f...
[   DEBUG][              mclangres.py:138]:... Loaded!
[   DEBUG][               mclangres.py:56]:Building Minecraft language resources...
[   DEBUG][               mclangres.py:89]:Using C:\Users\9082117\AppData\Roaming\.minecraft\assets\indexes\1.9.json
[   DEBUG][              mclangres.py:100]:Found 3d7f778ea0a3baaf826ae75a094d77c46410902f
[   DEBUG][              mclangres.py:110]:... Loaded!
[   DEBUG][              mclangres.py:115]:Looking for en_US resources.
[   DEBUG][               mclangres.py:45]:Could not find en_US resource name.
[   DEBUG][              mclangres.py:127]:Found 3d7f778ea0a3baaf826ae75a094d77c46410902f...
[   DEBUG][              mclangres.py:138]:... Loaded!
[   DEBUG][                  root.py:1549]:Mouse up   1 @ (793, 580)
[   DEBUG][                  root.py:1529]:Mouse down 1 @ (793, 580)
[   DEBUG][                  root.py:1549]:Mouse up   1 @ (793, 580)
[    INFO][pymclevel.infiniteworld.py:557]:Asked to light 0 chunks
[    INFO][pymclevel.infiniteworld.py:595]:Batch 0/1
[    INFO][pymclevel.infiniteworld.py:624]:Lighting 0 chunks
[    INFO][pymclevel.infiniteworld.py:665]:Dispersing light...
[    INFO][pymclevel.infiniteworld.py:557]:Asked to light 0 chunks
[    INFO][pymclevel.infiniteworld.py:595]:Batch 0/1
[    INFO][pymclevel.infiniteworld.py:624]:Lighting 0 chunks
[    INFO][pymclevel.infiniteworld.py:665]:Dispersing light...
[    INFO][pymclevel.infiniteworld.py:557]:Asked to light 0 chunks
[    INFO][pymclevel.infiniteworld.py:595]:Batch 0/1
[    INFO][pymclevel.infiniteworld.py:624]:Lighting 0 chunks
[    INFO][pymclevel.infiniteworld.py:665]:Dispersing light...
[    INFO][pymclevel.infiniteworld.py:1237]:Saved 0 chunks (dim 1)
[    INFO][pymclevel.infiniteworld.py:1237]:Saved 0 chunks (dim -1)
[    INFO][pymclevel.infiniteworld.py:1237]:Saved 0 chunks (dim 0)
[   DEBUG][                 config.py:194]:Property Change:        Settings                       window x = 376
[   DEBUG][                 config.py:194]:Property Change:        Settings                       window y = 89
[   DEBUG][                 config.py:194]:Property Change:        Settings                 window showcmd = 1
[   DEBUG][                 config.py:194]:Property Change:        Settings                       window x = 376
[   DEBUG][                 config.py:194]:Property Change:        Settings                       window y = 89
[   DEBUG][                 config.py:194]:Property Change:        Settings                 window showcmd = 1
