!SESSION 2016-03-10 10:12:05.731 -----------------------------------------------
eclipse.buildId=4.5.2.M20160212-1500
java.version=1.8.0_31
java.vendor=Oracle Corporation
BootLoader constants: OS=win32, ARCH=x86, WS=win32, NL=en_US
Framework arguments:  -product org.eclipse.epp.package.java.product
Command-line arguments:  -os win32 -ws win32 -arch x86 -product org.eclipse.epp.package.java.product

!ENTRY org.eclipse.osgi 2 0 2016-03-10 10:12:24.867
!MESSAGE Error deleting bunlde info.
!STACK 0
java.io.FileNotFoundException: C:\xampp\htdocs\eclipse\configuration\org.eclipse.osgi\593\.delete (The system cannot find the path specified)
	at java.io.FileOutputStream.open(Native Method)
	at java.io.FileOutputStream.<init>(Unknown Source)
	at java.io.FileOutputStream.<init>(Unknown Source)
	at org.eclipse.osgi.storage.Storage.delete0(Storage.java:1001)
	at org.eclipse.osgi.storage.Storage.delete(Storage.java:981)
	at org.eclipse.osgi.storage.BundleInfo.delete(BundleInfo.java:416)
	at org.eclipse.osgi.internal.framework.EquinoxBundle$EquinoxModule.cleanup(EquinoxBundle.java:341)
	at org.eclipse.osgi.container.ModuleRevisions.removeRevision(ModuleRevisions.java:106)
	at org.eclipse.osgi.container.ModuleDatabase.uninstall(ModuleDatabase.java:289)
	at org.eclipse.osgi.container.ModuleContainer.uninstall(ModuleContainer.java:389)
	at org.eclipse.osgi.internal.framework.EquinoxBundle.uninstall(EquinoxBundle.java:455)
	at org.eclipse.equinox.internal.simpleconfigurator.ConfigApplier.uninstallBundles(ConfigApplier.java:488)
	at org.eclipse.equinox.internal.simpleconfigurator.ConfigApplier.install(ConfigApplier.java:99)
	at org.eclipse.equinox.internal.simpleconfigurator.SimpleConfiguratorImpl.applyConfiguration(SimpleConfiguratorImpl.java:191)
	at org.eclipse.equinox.internal.simpleconfigurator.SimpleConfiguratorImpl.applyConfiguration(SimpleConfiguratorImpl.java:205)
	at org.eclipse.equinox.internal.simpleconfigurator.Activator.start(Activator.java:60)
	at org.eclipse.osgi.internal.framework.BundleContextImpl$3.run(BundleContextImpl.java:771)
	at org.eclipse.osgi.internal.framework.BundleContextImpl$3.run(BundleContextImpl.java:1)
	at java.security.AccessController.doPrivileged(Native Method)
	at org.eclipse.osgi.internal.framework.BundleContextImpl.startActivator(BundleContextImpl.java:764)
	at org.eclipse.osgi.internal.framework.BundleContextImpl.start(BundleContextImpl.java:721)
	at org.eclipse.osgi.internal.framework.EquinoxBundle.startWorker0(EquinoxBundle.java:941)
	at org.eclipse.osgi.internal.framework.EquinoxBundle$EquinoxModule.startWorker(EquinoxBundle.java:318)
	at org.eclipse.osgi.container.Module.doStart(Module.java:571)
	at org.eclipse.osgi.container.Module.start(Module.java:439)
	at org.eclipse.osgi.container.ModuleContainer$ContainerStartLevel.incStartLevel(ModuleContainer.java:1582)
	at org.eclipse.osgi.container.ModuleContainer$ContainerStartLevel.incStartLevel(ModuleContainer.java:1562)
	at org.eclipse.osgi.container.ModuleContainer$ContainerStartLevel.doContainerStartLevel(ModuleContainer.java:1533)
	at org.eclipse.osgi.container.SystemModule.startWorker(SystemModule.java:242)
	at org.eclipse.osgi.container.Module.doStart(Module.java:571)
	at org.eclipse.osgi.container.Module.start(Module.java:439)
	at org.eclipse.osgi.container.SystemModule.start(SystemModule.java:172)
	at org.eclipse.osgi.internal.framework.EquinoxBundle.start(EquinoxBundle.java:392)
	at org.eclipse.osgi.internal.framework.EquinoxBundle.start(EquinoxBundle.java:411)
	at org.eclipse.osgi.launch.Equinox.start(Equinox.java:115)
	at org.eclipse.core.runtime.adaptor.EclipseStarter.startup(EclipseStarter.java:318)
	at org.eclipse.core.runtime.adaptor.EclipseStarter.run(EclipseStarter.java:231)
	at sun.reflect.NativeMethodAccessorImpl.invoke0(Native Method)
	at sun.reflect.NativeMethodAccessorImpl.invoke(Unknown Source)
	at sun.reflect.DelegatingMethodAccessorImpl.invoke(Unknown Source)
	at java.lang.reflect.Method.invoke(Unknown Source)
	at org.eclipse.equinox.launcher.Main.invokeFramework(Main.java:669)
	at org.eclipse.equinox.launcher.Main.basicRun(Main.java:608)
	at org.eclipse.equinox.launcher.Main.run(Main.java:1515)
