[    INFO][                  config.py:36]:Loading config...
[   DEBUG][                 config.py:194]:Property Change:        Settings                  hiddable ores = [7, 16, 15, 21, 73, 14, 56, 153]
[   DEBUG][                 config.py:194]:Property Change:        Settings                  Recent Worlds = ['']
[   DEBUG][                 config.py:194]:Property Change: Selection Colors                          white = (1.0, 1.0, 1.0)
[   DEBUG][                 config.py:194]:Property Change: Selection Colors                           blue = (0.75, 0.75, 1.0)
[   DEBUG][                 config.py:194]:Property Change: Selection Colors                          green = (0.75, 1.0, 0.75)
[   DEBUG][                 config.py:194]:Property Change: Selection Colors                            red = (1.0, 0.75, 0.75)
[   DEBUG][                 config.py:194]:Property Change: Selection Colors                           teal = (0.75, 1.0, 1.0)
[   DEBUG][                 config.py:194]:Property Change: Selection Colors                           pink = (1.0, 0.75, 1.0)
[   DEBUG][                 config.py:194]:Property Change: Selection Colors                         yellow = (1.0, 1.0, 0.75)
[   DEBUG][                 config.py:194]:Property Change: Selection Colors                           grey = (0.6, 0.6, 0.6)
[   DEBUG][                 config.py:194]:Property Change: Selection Colors                          black = (0.0, 0.0, 0.0)
[    INFO][OpenGL.acceleratesupport.py:17]:No OpenGL_accelerate module loaded: No module named OpenGL_accelerate
[    INFO][    pymclevel.materials.py:199]:Loading block info from <_io.BytesIO object at 0x062F32D0>
[   DEBUG][    pymclevel.materials.py:201]:Trying YAML CLoader
[   DEBUG][    pymclevel.materials.py:204]:CLoader not preset, falling back to Python YAML
[    INFO][    pymclevel.materials.py:199]:Loading block info from <_io.BytesIO object at 0x062F32D0>
[   DEBUG][    pymclevel.materials.py:201]:Trying YAML CLoader
[   DEBUG][    pymclevel.materials.py:204]:CLoader not preset, falling back to Python YAML
[    INFO][    pymclevel.materials.py:199]:Loading block info from <_io.BytesIO object at 0x062F32D0>
[   DEBUG][    pymclevel.materials.py:201]:Trying YAML CLoader
[   DEBUG][    pymclevel.materials.py:204]:CLoader not preset, falling back to Python YAML
[    INFO][    pymclevel.materials.py:199]:Loading block info from <_io.BytesIO object at 0x062F32D0>
[   DEBUG][    pymclevel.materials.py:201]:Trying YAML CLoader
[   DEBUG][    pymclevel.materials.py:204]:CLoader not preset, falling back to Python YAML
[    INFO][     OpenGL.GLUT.special.py:36]:Using NT-specific GLUT calls with exit callbacks
[   DEBUG][      pymclevel.BOParser.py:19]:BO3 block definitions loaded. 199 entries found
[   DEBUG][         albow.translate.py:66]:*** Platform information
[   DEBUG][         albow.translate.py:67]:    System: Windows
[   DEBUG][         albow.translate.py:68]:    Release: 7
[   DEBUG][         albow.translate.py:69]:    Version: 6.1.7601
[   DEBUG][         albow.translate.py:70]:    Architecture: 32bit, WindowsPE
[   DEBUG][         albow.translate.py:71]:    Dist: , , 
[   DEBUG][         albow.translate.py:72]:    Machine: x86
[   DEBUG][         albow.translate.py:73]:    Processor: x86 Family 6 Model 60 Stepping 3, GenuineIntel
[   DEBUG][         albow.translate.py:74]:    Locale: en_US
[   DEBUG][         albow.translate.py:75]:    Encoding: cp1252
[   DEBUG][         albow.translate.py:76]:    FS encoding: mbcs
[   DEBUG][         albow.translate.py:96]:    numpy version: 1.10.2
[   DEBUG][         albow.translate.py:96]:    pygame version: 1.9.2a0
[   DEBUG][         albow.translate.py:96]:    OpenGL version: 3.1.0
[   DEBUG][         albow.translate.py:97]:***
[   DEBUG][                 config.py:194]:Property Change:        Settings             SetWindowPlacement = False
[   DEBUG][                 config.py:194]:Property Change:        Settings             SetWindowPlacement = True
[   DEBUG][                   root.py:247]:Detected languages: {u'\u010ce\u0161tina (Czech Republic)': u'cs_CZ', u'Korean (Korea)': u'ko_KR', u'Fran\xe7ais (France)': u'fr_FR', u'Traditional Chinese (Taiwan)': u'zh_TW', u'English (US)': 'en_US', u'Simplified Chinese (China)': u'zh_CN', u'Deutsch (Deutschland)': u'de_DE', u'Svenska (Sverige)': u'sv_SE', u'Nederlands (Nederland)': u'nl_NL'}
[   DEBUG][        albow.translate.py:345]:buildTranslation <<<
[   DEBUG][        albow.translate.py:354]:fName: C:\xampp\htdocs\MCEDIT\mcedit\lang\en_US.trn
[   DEBUG][        albow.translate.py:440]:fName is not valid beacause:
[   DEBUG][        albow.translate.py:442]:  * Can't access file.
[   DEBUG][        albow.translate.py:444]:  * It's not a file.
[   DEBUG][        albow.translate.py:446]:  * Is not readable.
[   DEBUG][        albow.translate.py:447]:Default strings will be used.
[   DEBUG][        albow.translate.py:451]:buildTranslation >>>
[   DEBUG][         albow.resource.py:172]:Font C:\xampp\htdocs\MCEDIT\mcedit\fonts\DejaVuSans-Regular.ttf loaded.
[   DEBUG][         albow.resource.py:173]:    Original size: 15. Proportion: 100. Final size: 15.
[   DEBUG][                   root.py:247]:Detected languages: {u'\u010ce\u0161tina (Czech Republic)': u'cs_CZ', u'Korean (Korea)': u'ko_KR', u'Fran\xe7ais (France)': u'fr_FR', u'Traditional Chinese (Taiwan)': u'zh_TW', u'English (US)': 'en_US', u'Simplified Chinese (China)': u'zh_CN', u'Deutsch (Deutschland)': u'de_DE', u'Svenska (Sverige)': u'sv_SE', u'Nederlands (Nederland)': u'nl_NL'}
[   DEBUG][         albow.resource.py:172]:Font C:\xampp\htdocs\MCEDIT\mcedit\fonts\DejaVuSans-Bold.ttf loaded.
[   DEBUG][         albow.resource.py:173]:    Original size: 17. Proportion: 100. Final size: 17.
[   DEBUG][               mclangres.py:56]:Building Minecraft language resources...
[   DEBUG][               mclangres.py:89]:Using C:\Users\9082117\AppData\Roaming\.minecraft\assets\indexes\1.9.json
[   DEBUG][              mclangres.py:100]:Found 3d7f778ea0a3baaf826ae75a094d77c46410902f
[   DEBUG][              mclangres.py:110]:... Loaded!
[   DEBUG][              mclangres.py:115]:Looking for en_US resources.
[   DEBUG][               mclangres.py:45]:Could not find en_US resource name.
[   DEBUG][              mclangres.py:127]:Found 3d7f778ea0a3baaf826ae75a094d77c46410902f...
[   DEBUG][              mclangres.py:138]:... Loaded!
[   DEBUG][                 config.py:210]:Subscribing <renderer.MCRenderer object at 0x06D5B5D0>.fastLeaves
[   DEBUG][                 config.py:210]:Subscribing <renderer.MCRenderer object at 0x06D5B5D0>.roughGraphics
[   DEBUG][                 config.py:210]:Subscribing <renderer.MCRenderer object at 0x06D5B5D0>.showHiddenOres
[   DEBUG][                 config.py:210]:Subscribing <renderer.MCRenderer object at 0x06D5B5D0>.vertexBufferLimit
[   DEBUG][                 config.py:210]:Subscribing <renderer.MCRenderer object at 0x06D5B5D0>.drawEntities
[   DEBUG][                 config.py:210]:Subscribing <renderer.MCRenderer object at 0x06D5B5D0>.drawTileEntities
[   DEBUG][                 config.py:210]:Subscribing <renderer.MCRenderer object at 0x06D5B5D0>.drawTileTicks
[   DEBUG][                 config.py:210]:Subscribing <renderer.MCRenderer object at 0x06D5B5D0>.drawTerrainPopulated
[   DEBUG][                 config.py:210]:Subscribing <renderer.MCRenderer object at 0x06D5B5D0>.drawChunkBorder
[   DEBUG][                 config.py:210]:Subscribing <renderer.MCRenderer object at 0x06D5B5D0>.drawMonsters
[   DEBUG][                 config.py:210]:Subscribing <renderer.MCRenderer object at 0x06D5B5D0>.drawItems
[   DEBUG][                 config.py:210]:Subscribing <renderer.MCRenderer object at 0x06D5B5D0>.showRedraw
[   DEBUG][                 config.py:210]:Subscribing <renderer.MCRenderer object at 0x06D5B5D0>.spaceHeight
[   DEBUG][                 config.py:210]:Subscribing <renderer.MCRenderer object at 0x06D5B5D0>.targetFPS
[   DEBUG][                 config.py:210]:Subscribing <renderer.MCRenderer object at 0x06D5B5D0>.maxViewDistance
[   DEBUG][                 config.py:194]:Property Change:        Settings                  hiddable ores = [7, 16, 15, 21, 73, 14, 56, 153]
[   DEBUG][                 config.py:210]:Subscribing <renderer.MCRenderer object at 0x06D5B5D0>.showOre7
[   DEBUG][                 config.py:210]:Subscribing <renderer.MCRenderer object at 0x06D5B5D0>.showOre16
[   DEBUG][                 config.py:210]:Subscribing <renderer.MCRenderer object at 0x06D5B5D0>.showOre15
[   DEBUG][                 config.py:210]:Subscribing <renderer.MCRenderer object at 0x06D5B5D0>.showOre21
[   DEBUG][                 config.py:210]:Subscribing <renderer.MCRenderer object at 0x06D5B5D0>.showOre73
[   DEBUG][                 config.py:210]:Subscribing <renderer.MCRenderer object at 0x06D5B5D0>.showOre14
[   DEBUG][                 config.py:210]:Subscribing <renderer.MCRenderer object at 0x06D5B5D0>.showOre56
[   DEBUG][                 config.py:210]:Subscribing <renderer.MCRenderer object at 0x06D5B5D0>.showOre153
[   DEBUG][                 config.py:210]:Subscribing <viewports.camera.CameraViewport object at 0x06D5BE30>.drawSky
[   DEBUG][                 config.py:210]:Subscribing <viewports.camera.CameraViewport object at 0x06D5BE30>.drawFog
[   DEBUG][                 config.py:210]:Subscribing <viewports.camera.CameraViewport object at 0x06D5BE30>.superSecretSettings
[   DEBUG][                 config.py:210]:Subscribing <viewports.camera.CameraViewport object at 0x06D5BE30>.showCeiling
[   DEBUG][                 config.py:210]:Subscribing <viewports.camera.CameraViewport object at 0x06D5BE30>.accelFactor
[   DEBUG][                 config.py:210]:Subscribing <viewports.camera.CameraViewport object at 0x06D5BE30>.maxSpeed
[   DEBUG][                 config.py:210]:Subscribing <viewports.camera.CameraViewport object at 0x06D5BE30>.brakeMaxSpeed
[   DEBUG][                 config.py:210]:Subscribing <viewports.camera.CameraViewport object at 0x06D5BE30>.invertMousePitch
[   DEBUG][                 config.py:210]:Subscribing <viewports.camera.CameraViewport object at 0x06D5BE30>.autobrake
[   DEBUG][                 config.py:210]:Subscribing <viewports.camera.CameraViewport object at 0x06D5BE30>.swapAxes
[   DEBUG][                 config.py:210]:Subscribing <viewports.camera.CameraViewport object at 0x06D5BE30>.compassToggle
[   DEBUG][                 config.py:210]:Subscribing <viewports.camera.CameraViewport object at 0x06D5BE30>.fovSetting
[   DEBUG][                 config.py:210]:Subscribing <viewports.chunk.ChunkViewport object at 0x06D5BE70>.drawSky
[   DEBUG][                 config.py:210]:Subscribing <viewports.chunk.ChunkViewport object at 0x06D5BE70>.drawFog
[   DEBUG][                 config.py:210]:Subscribing <viewports.chunk.ChunkViewport object at 0x06D5BE70>.superSecretSettings
[   DEBUG][                 config.py:210]:Subscribing <viewports.chunk.ChunkViewport object at 0x06D5BE70>.showCeiling
[   DEBUG][                 config.py:210]:Subscribing <viewports.chunk.ChunkViewport object at 0x06D5BE70>.accelFactor
[   DEBUG][                 config.py:210]:Subscribing <viewports.chunk.ChunkViewport object at 0x06D5BE70>.maxSpeed
[   DEBUG][                 config.py:210]:Subscribing <viewports.chunk.ChunkViewport object at 0x06D5BE70>.brakeMaxSpeed
[   DEBUG][                 config.py:210]:Subscribing <viewports.chunk.ChunkViewport object at 0x06D5BE70>.invertMousePitch
[   DEBUG][                 config.py:210]:Subscribing <viewports.chunk.ChunkViewport object at 0x06D5BE70>.autobrake
[   DEBUG][                 config.py:210]:Subscribing <viewports.chunk.ChunkViewport object at 0x06D5BE70>.swapAxes
[   DEBUG][                 config.py:210]:Subscribing <viewports.chunk.ChunkViewport object at 0x06D5BE70>.compassToggle
[   DEBUG][                 config.py:210]:Subscribing <viewports.chunk.ChunkViewport object at 0x06D5BE70>.fovSetting
[   DEBUG][                 config.py:210]:Subscribing <leveleditor.LevelEditor object at 0x06D5B5B0>.viewMode
[   DEBUG][                 config.py:210]:Subscribing <leveleditor.LevelEditor object at 0x06D5B5B0>.undoLimit
[   DEBUG][                 config.py:194]:Property Change: Selection Colors                           blue = (0.75, 0.75, 1.0)
[   DEBUG][                 config.py:194]:Property Change: Selection Colors                           pink = (1.0, 0.75, 1.0)
[   DEBUG][                 config.py:194]:Property Change: Selection Colors                           grey = (0.6, 0.6, 0.6)
[   DEBUG][                 config.py:194]:Property Change: Selection Colors                         yellow = (1.0, 1.0, 0.75)
[   DEBUG][                 config.py:194]:Property Change: Selection Colors                          green = (0.75, 1.0, 0.75)
[   DEBUG][                 config.py:194]:Property Change: Selection Colors                           teal = (0.75, 1.0, 1.0)
[   DEBUG][                 config.py:194]:Property Change: Selection Colors                          black = (0.0, 0.0, 0.0)
[   DEBUG][                 config.py:194]:Property Change: Selection Colors                          white = (1.0, 1.0, 1.0)
[   DEBUG][                 config.py:194]:Property Change: Selection Colors                            red = (1.0, 0.75, 0.75)
[   DEBUG][                 config.py:194]:Property Change: Selection Colors                          white = (1.0, 1.0, 1.0)
[   DEBUG][         albow.resource.py:172]:Font C:\xampp\htdocs\MCEDIT\mcedit\fonts\DejaVuSans-Bold.ttf loaded.
[   DEBUG][         albow.resource.py:173]:    Original size: 18. Proportion: 100. Final size: 18.
[   DEBUG][                 config.py:194]:Property Change:        Settings        Close Minecraft Warning = False
[   DEBUG][                 config.py:194]:Property Change:        Settings             report crashes new = False
[   DEBUG][                 config.py:194]:Property Change:        Settings           report crashes asked = True
[   DEBUG][                 config.py:194]:Property Change:         Version                        version = 1.1.2.0
[    INFO][      pymclevel.mclevel.py:199]:Identifying C:\Users\9082117\AppData\Roaming\.minecraft\saves\Saberfront
[    INFO][      pymclevel.mclevel.py:216]:Detected Infdev level.dat
[    INFO][pymclevel.infiniteworld.py:1433]:Found dimension DIM-1
[    INFO][pymclevel.infiniteworld.py:1433]:Found dimension DIM1
[   DEBUG][                 config.py:210]:Subscribing <renderer.ChunkCalculator object at 0x06D5BAD0>.fastLeaves
[   DEBUG][                 config.py:210]:Subscribing <renderer.ChunkCalculator object at 0x06D5BAD0>.roughGraphics
[    INFO][pymclevel.infiniteworld.py:1452]:Scanning for regions...
[    INFO][    pymclevel.regionfile.py:93]:Found region file r.-1.-1.mca with 96/96 sectors used and 94 chunks present
[    INFO][    pymclevel.regionfile.py:93]:Found region file r.-1.-2.mca with 63/63 sectors used and 61 chunks present
[    INFO][    pymclevel.regionfile.py:93]:Found region file r.-1.0.mca with 8/8 sectors used and 6 chunks present
[    INFO][    pymclevel.regionfile.py:93]:Found region file r.-2.-1.mca with 9/9 sectors used and 7 chunks present
[    INFO][    pymclevel.regionfile.py:93]:Found region file r.-2.-2.mca with 641/641 sectors used and 639 chunks present
[    INFO][    pymclevel.regionfile.py:93]:Found region file r.0.-1.mca with 204/204 sectors used and 202 chunks present
[    INFO][    pymclevel.regionfile.py:93]:Found region file r.0.0.mca with 205/205 sectors used and 203 chunks present
[    INFO][    pymclevel.regionfile.py:93]:Found region file r.1.0.mca with 28/28 sectors used and 26 chunks present
[   DEBUG][                 config.py:194]:Property Change: Selection Colors                          black = (0.0, 0.0, 0.0)
[   DEBUG][                  root.py:1529]:Mouse down 2 @ (613, 501)
[   DEBUG][                  root.py:1549]:Mouse up   2 @ (0, 505)
[   DEBUG][                  root.py:1529]:Mouse down 4 @ (607, 502)
[   DEBUG][                  root.py:1549]:Mouse up   4 @ (607, 502)
[   DEBUG][                  root.py:1529]:Mouse down 4 @ (607, 502)
[   DEBUG][                  root.py:1549]:Mouse up   4 @ (607, 502)
[   DEBUG][                  root.py:1529]:Mouse down 4 @ (607, 502)
[   DEBUG][                  root.py:1549]:Mouse up   4 @ (607, 502)
[   DEBUG][                  root.py:1529]:Mouse down 4 @ (607, 502)
[   DEBUG][                  root.py:1549]:Mouse up   4 @ (607, 502)
[   DEBUG][                  root.py:1529]:Mouse down 5 @ (622, 492)
[   DEBUG][                  root.py:1549]:Mouse up   5 @ (622, 492)
[   DEBUG][                  root.py:1529]:Mouse down 5 @ (623, 492)
[   DEBUG][                  root.py:1549]:Mouse up   5 @ (623, 492)
[   DEBUG][                  root.py:1529]:Mouse down 5 @ (640, 477)
[   DEBUG][                  root.py:1549]:Mouse up   5 @ (640, 477)
[   DEBUG][               mclangres.py:56]:Building Minecraft language resources...
[   DEBUG][               mclangres.py:89]:Using C:\Users\9082117\AppData\Roaming\.minecraft\assets\indexes\1.9.json
[   DEBUG][              mclangres.py:100]:Found 3d7f778ea0a3baaf826ae75a094d77c46410902f
[   DEBUG][              mclangres.py:110]:... Loaded!
[   DEBUG][              mclangres.py:115]:Looking for en_US resources.
[   DEBUG][               mclangres.py:45]:Could not find en_US resource name.
[   DEBUG][              mclangres.py:127]:Found 3d7f778ea0a3baaf826ae75a094d77c46410902f...
[   DEBUG][              mclangres.py:138]:... Loaded!
[   DEBUG][         albow.resource.py:172]:Font C:\xampp\htdocs\MCEDIT\mcedit\fonts\DejaVuSans-Regular.ttf loaded.
[   DEBUG][         albow.resource.py:173]:    Original size: 18. Proportion: 100. Final size: 18.
[   DEBUG][                  root.py:1529]:Mouse down 2 @ (881, 599)
[   DEBUG][                  root.py:1549]:Mouse up   2 @ (730, 620)
[   DEBUG][               mclangres.py:56]:Building Minecraft language resources...
[   DEBUG][               mclangres.py:89]:Using C:\Users\9082117\AppData\Roaming\.minecraft\assets\indexes\1.9.json
[   DEBUG][              mclangres.py:100]:Found 3d7f778ea0a3baaf826ae75a094d77c46410902f
[   DEBUG][              mclangres.py:110]:... Loaded!
[   DEBUG][              mclangres.py:115]:Looking for en_US resources.
[   DEBUG][               mclangres.py:45]:Could not find en_US resource name.
[   DEBUG][              mclangres.py:127]:Found 3d7f778ea0a3baaf826ae75a094d77c46410902f...
[   DEBUG][              mclangres.py:138]:... Loaded!
[   DEBUG][                  root.py:1516]:Mouse left
[   DEBUG][                  root.py:1510]:Onscreen
[   DEBUG][                  root.py:1521]:Mouse entered
[   DEBUG][                  root.py:1516]:Mouse left
[   DEBUG][                  root.py:1510]:Onscreen
[   DEBUG][                  root.py:1521]:Mouse entered
[   DEBUG][                  root.py:1529]:Mouse down 1 @ (825, 238)
[   DEBUG][                  root.py:1549]:Mouse up   1 @ (825, 238)
[   DEBUG][                  root.py:1529]:Mouse down 2 @ (623, 611)
[   DEBUG][                  root.py:1549]:Mouse up   2 @ (78, 611)
[   DEBUG][                  root.py:1529]:Mouse down 1 @ (452, 527)
[   DEBUG][                  root.py:1549]:Mouse up   1 @ (452, 527)
[   DEBUG][                  root.py:1529]:Mouse down 1 @ (249, 67)
[   DEBUG][                  root.py:1549]:Mouse up   1 @ (249, 67)
[   DEBUG][                  root.py:1529]:Mouse down 2 @ (249, 67)
[   DEBUG][                  root.py:1549]:Mouse up   2 @ (249, 67)
[   DEBUG][                  root.py:1529]:Mouse down 5 @ (194, 283)
[   DEBUG][                  root.py:1549]:Mouse up   5 @ (194, 283)
[   DEBUG][                  root.py:1529]:Mouse down 5 @ (194, 283)
[   DEBUG][                  root.py:1549]:Mouse up   5 @ (194, 283)
[   DEBUG][                  root.py:1529]:Mouse down 4 @ (194, 273)
[   DEBUG][                  root.py:1549]:Mouse up   4 @ (194, 273)
[   DEBUG][                  root.py:1516]:Mouse left
[   DEBUG][                  root.py:1521]:Mouse entered
[   DEBUG][                  root.py:1516]:Mouse left
[   DEBUG][                  root.py:1521]:Mouse entered
[   DEBUG][                 config.py:194]:Property Change:        Settings                      View Mode = Chunk
[   DEBUG][                 config.py:228]:Notifying <leveleditor.LevelEditor object at 0x06D5B5B0>
[   DEBUG][                 config.py:194]:Property Change:        Settings                      View Mode = Camera
[   DEBUG][                 config.py:228]:Notifying <leveleditor.LevelEditor object at 0x06D5B5B0>
[   DEBUG][                 config.py:194]:Property Change:        Settings                      View Mode = Chunk
[   DEBUG][                 config.py:228]:Notifying <leveleditor.LevelEditor object at 0x06D5B5B0>
[   DEBUG][                 config.py:194]:Property Change:        Settings                      View Mode = Camera
[   DEBUG][                 config.py:228]:Notifying <leveleditor.LevelEditor object at 0x06D5B5B0>
[   DEBUG][                 config.py:194]:Property Change:        Settings                  hiddable ores = [7, 16, 15, 21, 73, 14, 56, 153]
[   DEBUG][                  root.py:1549]:Mouse up   1 @ (565, 400)
[   DEBUG][                  root.py:1529]:Mouse down 5 @ (508, 387)
[   DEBUG][                  root.py:1549]:Mouse up   5 @ (508, 387)
[   DEBUG][                  root.py:1529]:Mouse down 4 @ (584, 556)
[   DEBUG][                  root.py:1549]:Mouse up   4 @ (584, 556)
[   DEBUG][                  root.py:1529]:Mouse down 4 @ (584, 556)
[   DEBUG][                  root.py:1549]:Mouse up   4 @ (584, 556)
[   DEBUG][                  root.py:1529]:Mouse down 5 @ (611, 552)
[   DEBUG][                  root.py:1549]:Mouse up   5 @ (611, 552)
[   DEBUG][                  root.py:1529]:Mouse down 2 @ (612, 541)
[   DEBUG][                  root.py:1549]:Mouse up   2 @ (310, 579)
[   DEBUG][                  root.py:1529]:Mouse down 4 @ (626, 535)
[   DEBUG][                  root.py:1549]:Mouse up   4 @ (626, 535)
[   DEBUG][                  root.py:1529]:Mouse down 4 @ (626, 535)
[   DEBUG][                  root.py:1549]:Mouse up   4 @ (626, 535)
[   DEBUG][                  root.py:1529]:Mouse down 4 @ (627, 533)
[   DEBUG][                  root.py:1549]:Mouse up   4 @ (627, 533)
[   DEBUG][                  root.py:1529]:Mouse down 4 @ (627, 533)
[   DEBUG][                  root.py:1549]:Mouse up   4 @ (627, 533)
[   DEBUG][                  root.py:1529]:Mouse down 4 @ (627, 533)
[   DEBUG][                  root.py:1549]:Mouse up   4 @ (627, 533)
[   DEBUG][                  root.py:1529]:Mouse down 2 @ (629, 530)
[   DEBUG][                  root.py:1549]:Mouse up   2 @ (253, 394)
[   DEBUG][                  root.py:1529]:Mouse down 2 @ (770, 533)
[   DEBUG][                  root.py:1549]:Mouse up   2 @ (987, 601)
[   DEBUG][                  root.py:1529]:Mouse down 2 @ (818, 553)
[   DEBUG][                  root.py:1549]:Mouse up   2 @ (739, 557)
[   DEBUG][                  root.py:1529]:Mouse down 2 @ (552, 571)
[   DEBUG][                  root.py:1549]:Mouse up   2 @ (314, 556)
[   DEBUG][                  root.py:1529]:Mouse down 2 @ (765, 453)
[   DEBUG][                  root.py:1549]:Mouse up   2 @ (918, 454)
[   DEBUG][                  root.py:1529]:Mouse down 2 @ (732, 511)
[   DEBUG][                  root.py:1549]:Mouse up   2 @ (680, 481)
[   DEBUG][                  root.py:1529]:Mouse down 2 @ (725, 538)
[   DEBUG][                  root.py:1549]:Mouse up   2 @ (752, 599)
[   DEBUG][                  root.py:1516]:Mouse left
[   DEBUG][                  root.py:1521]:Mouse entered
[   DEBUG][                  root.py:1516]:Mouse left
[   DEBUG][                  root.py:1504]:Offscreen
